C:\Program Files\Microsoft Visual Studio\2022\Community\MSBuild\Microsoft\VC\v170\Microsoft.CppBuild.targets(531,5): warning MSB8028: The intermediate directory (x64\Debug\) contains files shared from another project (ConsoleApplication1.vcxproj).  This can lead to incorrect clean and rebuild behavior.
  chooseGame.cpp
  crossword.cpp
D:\Users\ASUS\Desktop\project\sprint-math-games-9th-grade-wordnumber\WordNumber\ConsoleApplication1\crossword.cpp(187,45): warning C4244: 'argument': conversion from 'float' to 'int', possible loss of data
D:\Users\ASUS\Desktop\project\sprint-math-games-9th-grade-wordnumber\WordNumber\ConsoleApplication1\crossword.cpp(187,35): warning C4244: 'argument': conversion from 'float' to 'int', possible loss of data
D:\Users\ASUS\Desktop\project\sprint-math-games-9th-grade-wordnumber\WordNumber\ConsoleApplication1\crossword.cpp(210,27): warning C4244: 'argument': conversion from 'float' to 'int', possible loss of data
D:\Users\ASUS\Desktop\project\sprint-math-games-9th-grade-wordnumber\WordNumber\ConsoleApplication1\crossword.cpp(209,27): warning C4244: 'argument': conversion from 'float' to 'int', possible loss of data
D:\Users\ASUS\Desktop\project\sprint-math-games-9th-grade-wordnumber\WordNumber\ConsoleApplication1\crossword.cpp(217,32): warning C4244: 'argument': conversion from 'float' to 'int', possible loss of data
D:\Users\ASUS\Desktop\project\sprint-math-games-9th-grade-wordnumber\WordNumber\ConsoleApplication1\crossword.cpp(216,32): warning C4244: 'argument': conversion from 'float' to 'int', possible loss of data
  hangman.cpp
D:\Users\ASUS\Desktop\project\sprint-math-games-9th-grade-wordnumber\WordNumber\ConsoleApplication1\hangman.cpp(36,15): warning C4244: 'argument': conversion from 'time_t' to 'unsigned int', possible loss of data
  main.cpp
  mathGame.cpp
D:\Users\ASUS\Desktop\project\sprint-math-games-9th-grade-wordnumber\WordNumber\ConsoleApplication1\mathGame.cpp(144,45): warning C4244: 'argument': conversion from 'float' to 'int', possible loss of data
D:\Users\ASUS\Desktop\project\sprint-math-games-9th-grade-wordnumber\WordNumber\ConsoleApplication1\mathGame.cpp(144,35): warning C4244: 'argument': conversion from 'float' to 'int', possible loss of data
D:\Users\ASUS\Desktop\project\sprint-math-games-9th-grade-wordnumber\WordNumber\ConsoleApplication1\mathGame.cpp(150,42): warning C4566: character represented by universal-character-name '\U0001F389' cannot be represented in the current code page (1251)
D:\Users\ASUS\Desktop\project\sprint-math-games-9th-grade-wordnumber\WordNumber\ConsoleApplication1\mathGame.cpp(150,60): warning C4566: character represented by universal-character-name '\U0001F605' cannot be represented in the current code page (1251)
D:\Users\ASUS\Desktop\project\sprint-math-games-9th-grade-wordnumber\WordNumber\ConsoleApplication1\mathGame.cpp(167,27): warning C4244: 'argument': conversion from 'float' to 'int', possible loss of data
D:\Users\ASUS\Desktop\project\sprint-math-games-9th-grade-wordnumber\WordNumber\ConsoleApplication1\mathGame.cpp(166,27): warning C4244: 'argument': conversion from 'float' to 'int', possible loss of data
D:\Users\ASUS\Desktop\project\sprint-math-games-9th-grade-wordnumber\WordNumber\ConsoleApplication1\mathGame.cpp(174,32): warning C4244: 'argument': conversion from 'float' to 'int', possible loss of data
D:\Users\ASUS\Desktop\project\sprint-math-games-9th-grade-wordnumber\WordNumber\ConsoleApplication1\mathGame.cpp(173,32): warning C4244: 'argument': conversion from 'float' to 'int', possible loss of data
D:\Users\ASUS\Desktop\project\sprint-math-games-9th-grade-wordnumber\WordNumber\ConsoleApplication1\mathGame.cpp(213,36): warning C4244: 'argument': conversion from 'float' to 'int', possible loss of data
D:\Users\ASUS\Desktop\project\sprint-math-games-9th-grade-wordnumber\WordNumber\ConsoleApplication1\mathGame.cpp(212,36): warning C4244: 'argument': conversion from 'float' to 'int', possible loss of data
  menu.cpp
D:\Users\ASUS\Desktop\project\sprint-math-games-9th-grade-wordnumber\WordNumber\ConsoleApplication1\menu.cpp(49,74): warning C4244: 'argument': conversion from 'float' to 'int', possible loss of data
D:\Users\ASUS\Desktop\project\sprint-math-games-9th-grade-wordnumber\WordNumber\ConsoleApplication1\menu.cpp(49,35): warning C4244: 'argument': conversion from 'float' to 'int', possible loss of data
  rules.cpp
  Generating Code...
raylib.lib(rcore.c.obj) : warning LNK4099: PDB '' was not found with 'raylib.lib(rcore.c.obj)' or at ''; linking object as if no debug info
raylib.lib(rshapes.c.obj) : warning LNK4099: PDB '' was not found with 'raylib.lib(rshapes.c.obj)' or at ''; linking object as if no debug info
raylib.lib(rtextures.c.obj) : warning LNK4099: PDB '' was not found with 'raylib.lib(rtextures.c.obj)' or at ''; linking object as if no debug info
raylib.lib(rtext.c.obj) : warning LNK4099: PDB '' was not found with 'raylib.lib(rtext.c.obj)' or at ''; linking object as if no debug info
raylib.lib(utils.c.obj) : warning LNK4099: PDB '' was not found with 'raylib.lib(utils.c.obj)' or at ''; linking object as if no debug info
raylib.lib(init.c.obj) : warning LNK4099: PDB '' was not found with 'raylib.lib(init.c.obj)' or at ''; linking object as if no debug info
raylib.lib(monitor.c.obj) : warning LNK4099: PDB '' was not found with 'raylib.lib(monitor.c.obj)' or at ''; linking object as if no debug info
raylib.lib(window.c.obj) : warning LNK4099: PDB '' was not found with 'raylib.lib(window.c.obj)' or at ''; linking object as if no debug info
raylib.lib(input.c.obj) : warning LNK4099: PDB '' was not found with 'raylib.lib(input.c.obj)' or at ''; linking object as if no debug info
raylib.lib(context.c.obj) : warning LNK4099: PDB '' was not found with 'raylib.lib(context.c.obj)' or at ''; linking object as if no debug info
raylib.lib(win32_window.c.obj) : warning LNK4099: PDB '' was not found with 'raylib.lib(win32_window.c.obj)' or at ''; linking object as if no debug info
raylib.lib(win32_time.c.obj) : warning LNK4099: PDB '' was not found with 'raylib.lib(win32_time.c.obj)' or at ''; linking object as if no debug info
raylib.lib(win32_thread.c.obj) : warning LNK4099: PDB '' was not found with 'raylib.lib(win32_thread.c.obj)' or at ''; linking object as if no debug info
raylib.lib(platform.c.obj) : warning LNK4099: PDB '' was not found with 'raylib.lib(platform.c.obj)' or at ''; linking object as if no debug info
raylib.lib(vulkan.c.obj) : warning LNK4099: PDB '' was not found with 'raylib.lib(vulkan.c.obj)' or at ''; linking object as if no debug info
raylib.lib(win32_init.c.obj) : warning LNK4099: PDB '' was not found with 'raylib.lib(win32_init.c.obj)' or at ''; linking object as if no debug info
raylib.lib(win32_monitor.c.obj) : warning LNK4099: PDB '' was not found with 'raylib.lib(win32_monitor.c.obj)' or at ''; linking object as if no debug info
raylib.lib(wgl_context.c.obj) : warning LNK4099: PDB '' was not found with 'raylib.lib(wgl_context.c.obj)' or at ''; linking object as if no debug info
raylib.lib(egl_context.c.obj) : warning LNK4099: PDB '' was not found with 'raylib.lib(egl_context.c.obj)' or at ''; linking object as if no debug info
raylib.lib(osmesa_context.c.obj) : warning LNK4099: PDB '' was not found with 'raylib.lib(osmesa_context.c.obj)' or at ''; linking object as if no debug info
raylib.lib(win32_module.c.obj) : warning LNK4099: PDB '' was not found with 'raylib.lib(win32_module.c.obj)' or at ''; linking object as if no debug info
raylib.lib(win32_joystick.c.obj) : warning LNK4099: PDB '' was not found with 'raylib.lib(win32_joystick.c.obj)' or at ''; linking object as if no debug info
  ConsoleApplication1.vcxproj -> D:\Users\ASUS\Desktop\project\sprint-math-games-9th-grade-wordnumber\WordNumber\x64\Debug\WordNumber.exe
